<?xml version="1.0" encoding="UTF-8"?>
<!-- Generated by org.testng.reporters.JUnitXMLReporter -->
<testsuite ignored="4" hostname="DESKTOP-JKKH6Q5" failures="0" tests="2" name="Test" time="26.849" errors="0" timestamp="2023-07-03T21:49:25 IST">
  <testcase classname="com.testActitime.testcases.Practice" name="launch" time="16.521"/>
  <testcase classname="com.testActitime.testcases.Prac" name="test" time="10.251"/>
  <testcase classname="com.testActitime.Generic_Utilities.BaseClass" name="@BeforeSuite beforeSuite" time="0.0">
    <ignored/>
  </testcase> <!-- @BeforeSuite beforeSuite -->
  <testcase classname="com.testActitime.Generic_Utilities.BaseClass" name="@AfterTest afterTest" time="0.0">
    <ignored/>
  </testcase> <!-- @AfterTest afterTest -->
  <testcase classname="com.testActitime.Generic_Utilities.BaseClass" name="@AfterSuite afterSuite" time="0.0">
    <ignored/>
  </testcase> <!-- @AfterSuite afterSuite -->
  <testcase classname="com.testActitime.Generic_Utilities.BaseClass" name="@BeforeTest beforeTest" time="0.0">
    <ignored/>
  </testcase> <!-- @BeforeTest beforeTest -->
</testsuite> <!-- Test -->
