<?xml version="1.0" encoding="UTF-8"?>
<testng-results ignored="0" total="1" passed="1" failed="0" skipped="0">
  <reporter-output>
    <line>
      <![CDATA[database connection]]>
    </line>
    <line>
      <![CDATA[parallel execution]]>
    </line>
    <line>
      <![CDATA[launching browser]]>
    </line>
    <line>
      <![CDATA[login]]>
    </line>
    <line>
      <![CDATA[logout]]>
    </line>
    <line>
      <![CDATA[closing browser]]>
    </line>
    <line>
      <![CDATA[parallel execution done]]>
    </line>
    <line>
      <![CDATA[closed database connection]]>
    </line>
  </reporter-output>
  <suite started-at="2023-07-05T19:07:09 IST" name="Default suite" finished-at="2023-07-05T19:07:10 IST" duration-ms="1074">
    <groups>
    </groups>
    <test started-at="2023-07-05T19:07:09 IST" name="Default test" finished-at="2023-07-05T19:07:10 IST" duration-ms="1074">
      <class name="com.testActitime.testcases.Prac">
        <test-method is-config="true" signature="beforeSuite()[pri:0, instance:com.testActitime.testcases.Prac@27ce24aa]" started-at="2023-07-05T19:07:09 IST" name="beforeSuite" finished-at="2023-07-05T19:07:09 IST" duration-ms="13" status="PASS">
          <reporter-output>
            <line>
              <![CDATA[database connection]]>
            </line>
          </reporter-output>
        </test-method> <!-- beforeSuite -->
        <test-method is-config="true" signature="beforeTest()[pri:0, instance:com.testActitime.testcases.Prac@27ce24aa]" started-at="2023-07-05T19:07:09 IST" name="beforeTest" finished-at="2023-07-05T19:07:09 IST" duration-ms="2" status="PASS">
          <reporter-output>
            <line>
              <![CDATA[parallel execution]]>
            </line>
          </reporter-output>
        </test-method> <!-- beforeTest -->
        <test-method is-config="true" signature="beforeClass()[pri:0, instance:com.testActitime.testcases.Prac@27ce24aa]" started-at="2023-07-05T19:07:09 IST" name="beforeClass" finished-at="2023-07-05T19:07:09 IST" duration-ms="0" status="PASS">
          <reporter-output>
            <line>
              <![CDATA[launching browser]]>
            </line>
          </reporter-output>
        </test-method> <!-- beforeClass -->
        <test-method is-config="true" signature="beforeMethod()[pri:0, instance:com.testActitime.testcases.Prac@27ce24aa]" started-at="2023-07-05T19:07:09 IST" name="beforeMethod" finished-at="2023-07-05T19:07:09 IST" duration-ms="1" status="PASS">
          <reporter-output>
            <line>
              <![CDATA[login]]>
            </line>
          </reporter-output>
        </test-method> <!-- beforeMethod -->
        <test-method signature="test()[pri:0, instance:com.testActitime.testcases.Prac@27ce24aa]" started-at="2023-07-05T19:07:09 IST" name="test" finished-at="2023-07-05T19:07:10 IST" duration-ms="1012" status="PASS">
          <reporter-output>
          </reporter-output>
        </test-method> <!-- test -->
        <test-method is-config="true" signature="afterMethod()[pri:0, instance:com.testActitime.testcases.Prac@27ce24aa]" started-at="2023-07-05T19:07:10 IST" name="afterMethod" finished-at="2023-07-05T19:07:10 IST" duration-ms="1" status="PASS">
          <reporter-output>
            <line>
              <![CDATA[logout]]>
            </line>
          </reporter-output>
        </test-method> <!-- afterMethod -->
        <test-method is-config="true" signature="afterClass()[pri:0, instance:com.testActitime.testcases.Prac@27ce24aa]" started-at="2023-07-05T19:07:10 IST" name="afterClass" finished-at="2023-07-05T19:07:10 IST" duration-ms="0" status="PASS">
          <reporter-output>
            <line>
              <![CDATA[closing browser]]>
            </line>
          </reporter-output>
        </test-method> <!-- afterClass -->
        <test-method is-config="true" signature="afterTest()[pri:0, instance:com.testActitime.testcases.Prac@27ce24aa]" started-at="2023-07-05T19:07:10 IST" name="afterTest" finished-at="2023-07-05T19:07:10 IST" duration-ms="0" status="PASS">
          <reporter-output>
            <line>
              <![CDATA[parallel execution done]]>
            </line>
          </reporter-output>
        </test-method> <!-- afterTest -->
        <test-method is-config="true" signature="afterSuite()[pri:0, instance:com.testActitime.testcases.Prac@27ce24aa]" started-at="2023-07-05T19:07:10 IST" name="afterSuite" finished-at="2023-07-05T19:07:10 IST" duration-ms="1" status="PASS">
          <reporter-output>
            <line>
              <![CDATA[closed database connection]]>
            </line>
          </reporter-output>
        </test-method> <!-- afterSuite -->
      </class> <!-- com.testActitime.testcases.Prac -->
    </test> <!-- Default test -->
  </suite> <!-- Default suite -->
</testng-results>
